<?xml version="1.0" encoding="UTF-8"?>
<testsuite name="ex1.EmployeeTest" tests="1" skipped="0" failures="0" errors="0" timestamp="2023-06-14T15:24:34" hostname="DESKTOP-VA7T9KO" time="0.011">
  <properties/>
  <testcase name="calculateSalaryTest()" classname="ex1.EmployeeTest" time="0.011"/>
  <system-out><![CDATA[]]></system-out>
  <system-err><![CDATA[]]></system-err>
</testsuite>
