<?xml version="1.0" encoding="UTF-8"?>
<testsuite name="AnimalTest" tests="3" skipped="0" failures="0" errors="0" timestamp="2023-06-12T09:10:39" hostname="DESKTOP-VA7T9KO" time="0.022">
  <properties/>
  <testcase name="comerAlimentoInvalidoTest()" classname="AnimalTest" time="0.019"/>
  <testcase name="comerAlimentoValidoTest()" classname="AnimalTest" time="0.001"/>
  <testcase name="comerAlimentoNullTest()" classname="AnimalTest" time="0.001"/>
  <system-out><![CDATA[Suricata nÃ£o come CARNE.
Suricata comeu FRUTAS.
Suricata nÃ£o come null.
]]></system-out>
  <system-err><![CDATA[]]></system-err>
</testsuite>
